no extention "htm": ,English CC File name;
no extention "htm": ,Spanish CC File Name;
not found files: ,IVE URL.swf, English CC File name.swf;
no extention "htm": ,English CC File name;
no extention "htm": ,Spanish CC File Name;
not found files: ,IVE URL.swf, English CC File name.swf;
no extention "htm": ,??? ;
no extention "htm": ,???;
not found files: ,et_01_05_02.swf, ??? .swf;
no extention "htm": ,???;
no extention "htm": ,???;
not found files: ,et_01_05_03.swf, ???.swf;
no extention "htm": ,???;
no extention "htm": ,???;
not found files: ,et_02_06_07.swf, ???.swf;
not found files: ,et_03_01_03.swf, et_03_01_03.swf;
not found files: ,et_03_01_08.swf, et_03_01_07.swf;
no extention "htm": ,st_03_03_07_en;
no extention "htm": ,st_03_03_07_es;
not found files: ,et_03_02_05.swf, et_03_02_06.swf;
no extention "htm": ,st_03_07_01_es;
not found files: ,et_03_07_01.swf, "et_03_03_01.swf;
